<?xml version="1.0" encoding="UTF-8"?>
<!-- Generated by org.testng.reporters.JUnitXMLReporter -->
<testsuite ignored="1" hostname="DESKTOP-EKJ5BNI" failures="0" tests="1" name="Default test" time="4.776" errors="0" timestamp="02 sep. 2023 15:49:28 GMT">
  <testcase classname="common.commonSetup" name="@BeforeMethod initialize" time="0.0">
    <failure type="org.openqa.selenium.SessionNotCreatedException" message="session not created
from no such execution context: loader has changed while resolving nodes
  (Session info: chrome=116.0.5845.141)
Build info: version: &amp;apos;4.0.0-alpha-5&amp;apos;, revision: &amp;apos;b3a0d621cc&amp;apos;
System info: host: &amp;apos;DESKTOP-EKJ5BNI&amp;apos;, ip: &amp;apos;192.168.100.4&amp;apos;, os.name: &amp;apos;Windows 10&amp;apos;, os.arch: &amp;apos;amd64&amp;apos;, os.version: &amp;apos;10.0&amp;apos;, java.version: &amp;apos;17.0.1&amp;apos;
Driver info: driver.version: ChromeDriver
remote stacktrace: 	GetHandleVerifier [0x00C437C3+48947]
	(No symbol) [0x00BD8551]
	(No symbol) [0x00ADC92D]
	(No symbol) [0x00ADF4B1]
	(No symbol) [0x00AE106A]
	(No symbol) [0x00AE1110]
	(No symbol) [0x00B2C6E1]
	(No symbol) [0x00B2B3CC]
	(No symbol) [0x00B24E86]
	(No symbol) [0x00B016C7]
	(No symbol) [0x00B0284D]
	GetHandleVerifier [0x00E8FDF9+2458985]
	GetHandleVerifier [0x00ED744F+2751423]
	GetHandleVerifier [0x00ED1361+2726609]
	GetHandleVerifier [0x00CC0680+560624]
	(No symbol) [0x00BE238C]
	(No symbol) [0x00BDE268]
	(No symbol) [0x00BDE392]
	(No symbol) [0x00BD10B7]
	BaseThreadInitThunk [0x76C800C9+25]
	RtlGetAppContainerNamedObjectPath [0x77B47B1E+286]
	RtlGetAppContainerNamedObjectPath [0x77B47AEE+238]
">
      <![CDATA[org.openqa.selenium.SessionNotCreatedException: session not created
from no such execution context: loader has changed while resolving nodes
  (Session info: chrome=116.0.5845.141)
Build info: version: '4.0.0-alpha-5', revision: 'b3a0d621cc'
System info: host: 'DESKTOP-EKJ5BNI', ip: '192.168.100.4', os.name: 'Windows 10', os.arch: 'amd64', os.version: '10.0', java.version: '17.0.1'
Driver info: driver.version: ChromeDriver
remote stacktrace: 	GetHandleVerifier [0x00C437C3+48947]
	(No symbol) [0x00BD8551]
	(No symbol) [0x00ADC92D]
	(No symbol) [0x00ADF4B1]
	(No symbol) [0x00AE106A]
	(No symbol) [0x00AE1110]
	(No symbol) [0x00B2C6E1]
	(No symbol) [0x00B2B3CC]
	(No symbol) [0x00B24E86]
	(No symbol) [0x00B016C7]
	(No symbol) [0x00B0284D]
	GetHandleVerifier [0x00E8FDF9+2458985]
	GetHandleVerifier [0x00ED744F+2751423]
	GetHandleVerifier [0x00ED1361+2726609]
	GetHandleVerifier [0x00CC0680+560624]
	(No symbol) [0x00BE238C]
	(No symbol) [0x00BDE268]
	(No symbol) [0x00BDE392]
	(No symbol) [0x00BD10B7]
	BaseThreadInitThunk [0x76C800C9+25]
	RtlGetAppContainerNamedObjectPath [0x77B47B1E+286]
	RtlGetAppContainerNamedObjectPath [0x77B47AEE+238]

	at java.base/jdk.internal.reflect.NativeConstructorAccessorImpl.newInstance0(Native Method)
	at java.base/jdk.internal.reflect.NativeConstructorAccessorImpl.newInstance(NativeConstructorAccessorImpl.java:77)
	at java.base/jdk.internal.reflect.DelegatingConstructorAccessorImpl.newInstance(DelegatingConstructorAccessorImpl.java:45)
	at java.base/java.lang.reflect.Constructor.newInstanceWithCaller(Constructor.java:499)
	at java.base/java.lang.reflect.Constructor.newInstance(Constructor.java:480)
	at org.openqa.selenium.remote.W3CHandshakeResponse.lambda$errorHandler$0(W3CHandshakeResponse.java:62)
	at org.openqa.selenium.remote.HandshakeResponse.lambda$getResponseFunction$0(HandshakeResponse.java:30)
	at org.openqa.selenium.remote.ProtocolHandshake.lambda$createSession$1(ProtocolHandshake.java:126)
	at java.base/java.util.stream.ReferencePipeline$3$1.accept(ReferencePipeline.java:197)
	at java.base/java.util.Spliterators$ArraySpliterator.tryAdvance(Spliterators.java:1002)
	at java.base/java.util.stream.ReferencePipeline.forEachWithCancel(ReferencePipeline.java:129)
	at java.base/java.util.stream.AbstractPipeline.copyIntoWithCancel(AbstractPipeline.java:527)
	at java.base/java.util.stream.AbstractPipeline.copyInto(AbstractPipeline.java:513)
	at java.base/java.util.stream.AbstractPipeline.wrapAndCopyInto(AbstractPipeline.java:499)
	at java.base/java.util.stream.FindOps$FindOp.evaluateSequential(FindOps.java:150)
	at java.base/java.util.stream.AbstractPipeline.evaluate(AbstractPipeline.java:234)
	at java.base/java.util.stream.ReferencePipeline.findFirst(ReferencePipeline.java:647)
	at org.openqa.selenium.remote.ProtocolHandshake.createSession(ProtocolHandshake.java:128)
	at org.openqa.selenium.remote.ProtocolHandshake.createSession(ProtocolHandshake.java:75)
	at org.openqa.selenium.remote.HttpCommandExecutor.execute(HttpCommandExecutor.java:139)
	at org.openqa.selenium.remote.service.DriverCommandExecutor.execute(DriverCommandExecutor.java:83)
	at org.openqa.selenium.remote.RemoteWebDriver.execute(RemoteWebDriver.java:582)
	at org.openqa.selenium.remote.RemoteWebDriver.startSession(RemoteWebDriver.java:216)
	at org.openqa.selenium.remote.RemoteWebDriver.<init>(RemoteWebDriver.java:136)
	at org.openqa.selenium.chromium.ChromiumDriver.<init>(ChromiumDriver.java:75)
	at org.openqa.selenium.chrome.ChromeDriver.<init>(ChromeDriver.java:163)
	at org.openqa.selenium.chrome.ChromeDriver.<init>(ChromeDriver.java:150)
	at org.openqa.selenium.chrome.ChromeDriver.<init>(ChromeDriver.java:139)
	at common.commonSetup.initialize(commonSetup.java:34)
	at java.base/jdk.internal.reflect.NativeMethodAccessorImpl.invoke0(Native Method)
	at java.base/jdk.internal.reflect.NativeMethodAccessorImpl.invoke(NativeMethodAccessorImpl.java:77)
	at java.base/jdk.internal.reflect.DelegatingMethodAccessorImpl.invoke(DelegatingMethodAccessorImpl.java:43)
	at java.base/java.lang.reflect.Method.invoke(Method.java:568)
	at org.testng.internal.MethodInvocationHelper.invokeMethod(MethodInvocationHelper.java:104)
	at org.testng.internal.Invoker.invokeConfigurationMethod(Invoker.java:515)
	at org.testng.internal.Invoker.invokeConfigurations(Invoker.java:217)
	at org.testng.internal.Invoker.invokeMethod(Invoker.java:590)
	at org.testng.internal.Invoker.invokeTestMethod(Invoker.java:851)
	at org.testng.internal.Invoker.invokeTestMethods(Invoker.java:1177)
	at org.testng.internal.TestMethodWorker.invokeTestMethods(TestMethodWorker.java:129)
	at org.testng.internal.TestMethodWorker.run(TestMethodWorker.java:112)
	at org.testng.TestRunner.privateRun(TestRunner.java:756)
	at org.testng.TestRunner.run(TestRunner.java:610)
	at org.testng.SuiteRunner.runTest(SuiteRunner.java:387)
	at org.testng.SuiteRunner.runSequentially(SuiteRunner.java:382)
	at org.testng.SuiteRunner.privateRun(SuiteRunner.java:340)
	at org.testng.SuiteRunner.run(SuiteRunner.java:289)
	at org.testng.SuiteRunnerWorker.runSuite(SuiteRunnerWorker.java:52)
	at org.testng.SuiteRunnerWorker.run(SuiteRunnerWorker.java:86)
	at org.testng.TestNG.runSuitesSequentially(TestNG.java:1293)
	at org.testng.TestNG.runSuitesLocally(TestNG.java:1218)
	at org.testng.TestNG.runSuites(TestNG.java:1133)
	at org.testng.TestNG.run(TestNG.java:1104)
	at org.testng.remote.AbstractRemoteTestNG.run(AbstractRemoteTestNG.java:115)
	at org.testng.remote.RemoteTestNG.initAndRun(RemoteTestNG.java:251)
	at org.testng.remote.RemoteTestNG.main(RemoteTestNG.java:77)
]]>
    </failure>
  </testcase> <!-- @BeforeMethod initialize -->
  <testcase classname="common.commonSetup" name="@AfterMethod TeardownTest" time="0.0">
    <skipped/>
  </testcase> <!-- @AfterMethod TeardownTest -->
  <testcase classname="pruebas.LoginTest" name="login_invalid" time="0.007">
    <skipped/>
  </testcase> <!-- login_invalid -->
  <testcase classname="pruebas.LoginTest" name="login_valid" time="0.0">
    <ignored/>
  </testcase> <!-- login_valid -->
</testsuite> <!-- Default test -->
